2024-03-07 09:46:46.210 [info] Extension host with pid 2299 started
2024-03-07 09:46:46.286 [info] Lock '/home/dataiku/workspace/user-versioned/settings/code-server/User/workspaceStorage/-760492f4/vscode.lock': Lock acquired.
2024-03-07 09:46:46.383 [info] ExtensionService#_doActivateExtension vscode.emmet, startup: false, activationEvent: 'onLanguage'
2024-03-07 09:46:46.384 [info] ExtensionService#_doActivateExtension ms-python.python, startup: false, activationEvent: 'onLanguage:python'
2024-03-07 09:46:46.385 [info] ExtensionService#_doActivateExtension ms-toolsai.jupyter, startup: false, activationEvent: 'onLanguage:python'
2024-03-07 09:46:47.623 [info] ExtensionService#_doActivateExtension ms-toolsai.jupyter-renderers, startup: false, activationEvent: 'api', root cause: ms-toolsai.jupyter
2024-03-07 09:46:47.646 [info] ExtensionService#_doActivateExtension vscode.git-base, startup: true, activationEvent: '*', root cause: vscode.git
2024-03-07 09:46:47.646 [info] ExtensionService#_doActivateExtension LaurentTreguier.vscode-simple-icons, startup: true, activationEvent: '*'
2024-03-07 09:46:47.737 [info] ExtensionService#_doActivateExtension vscode.git, startup: true, activationEvent: '*'
2024-03-07 09:46:47.737 [info] ExtensionService#_doActivateExtension vscode.github, startup: true, activationEvent: '*'
2024-03-07 09:46:47.968 [info] Eager extensions activated
2024-03-07 09:46:47.968 [info] ExtensionService#_doActivateExtension vscode.debug-auto-launch, startup: false, activationEvent: 'onStartupFinished'
2024-03-07 09:46:47.969 [info] ExtensionService#_doActivateExtension vscode.merge-conflict, startup: false, activationEvent: 'onStartupFinished'
2024-03-07 09:46:47.969 [info] ExtensionService#_doActivateExtension vscode-icons-team.vscode-icons, startup: false, activationEvent: 'onStartupFinished'
2024-03-07 09:47:06.190 [info] ExtensionService#_doActivateExtension vscode.ipynb, startup: false, activationEvent: 'onNotebookSerializer:jupyter-notebook'
2024-03-07 09:47:06.406 [info] ExtensionService#_doActivateExtension ms-toolsai.vscode-jupyter-cell-tags, startup: false, activationEvent: 'onNotebook:jupyter-notebook'
2024-03-07 09:47:06.406 [info] ExtensionService#_doActivateExtension ms-toolsai.vscode-jupyter-slideshow, startup: false, activationEvent: 'onNotebook:jupyter-notebook'
2024-03-07 09:47:26.763 [error] Canceled: Canceled
	at Bb.selectLocalKernel (/home/dataiku/.local/share/code-server/local-extensions/ms-toolsai.jupyter-2023.3.100-universal/out/extension.node.js:24:213830)
	at async Jb.onSelectLocalKernel (/home/dataiku/.local/share/code-server/local-extensions/ms-toolsai.jupyter-2023.3.100-universal/out/extension.node.js:24:222791)
	at async e.ExtHostCommands.h (/opt/dataiku/code-server/lib/vscode/out/vs/workbench/api/node/extensionHostProcess.js:98:125307) jupyter.kernel.selectLocalPythonEnvironment {"value":"ms-toolsai.jupyter","c":"ms-toolsai.jupyter"}
2024-03-07 09:47:27.764 [error] {}
2024-03-07 09:48:55.884 [info] ExtensionService#_doActivateExtension vscode.debug-server-ready, startup: false, activationEvent: 'onDebugResolve'
2024-03-07 09:51:20.238 [info] ExtensionService#_doActivateExtension vscode.json-language-features, startup: false, activationEvent: 'onLanguage:jsonc'
2024-03-07 09:51:20.239 [info] ExtensionService#_doActivateExtension vscode.typescript-language-features, startup: false, activationEvent: 'onLanguage:jsonc'
2024-03-07 09:51:26.988 [error] Error: ============================= test session starts ==============================
platform linux -- Python 3.8.17, pytest-7.4.4, pluggy-0.13.1
rootdir: /home/dataiku/workspace
plugins: hypothesis-6.98.17


                          _           _     _                ____    _  __
                         | |         | |   (_)              |  _ \  | |/ /
   __ _   _ __     __ _  | |  _   _  | |_   _    ___   ___  | |_) | | ' / 
  / _` | | '_ \   / _` | | | | | | | | __| | |  / __| / __| |  _ <  |  <  
 | (_| | | | | | | (_| | | | | |_| | | |_  | | | (__  \__ \ | |_) | | . \ 
  \__,_| |_| |_|  \__,_| |_|  \__, |  \__| |_|  \___| |___/ |____/  |_|\_\
                               __/ |                                      
                              |___/                                       

                            ~Versi贸n: 3.0.0 (ML)~                     

GIT commit id: NA.
collected 5 items / 1 error

<Package data_engineering>
  <Module test_data_engineering.py>
    <Function test_preparation_pipeline>
    <Function test_build_powerful_features_node>
<Package inference>
  <Module test_inference.py>
    <Function test_model_basic_validation>
    <Function test_bright_invariance_validation>
<Package integration>
  <Module test_integration.py>
    <Function test_default_pipeline>

==================================== ERRORS ====================================
_ ERROR collecting project-lib-versioned/python/test_project/src/tests/pipelines/data_science/test_data_science.py _
ImportError while importing test module '/home/dataiku/workspace/project-lib-versioned/python/test_project/src/tests/pipelines/data_science/test_data_science.py'.
Hint: make sure your test modules/packages have valid Python names.
Traceback:
/usr/lib64/python3.8/importlib/__init__.py:127: in import_module
    return _bootstrap._gcd_import(name[level:], package, level)
project-lib-versioned/python/test_project/src/tests/pipelines/data_science/test_data_science.py:9: in <module>
    import tensorflow.python.keras.models
E   ModuleNotFoundError: No module named 'tensorflow'
=============================== warnings summary ===============================
../template-python-code-envs/py38/lib/python3.8/site-packages/fsspec/spec.py:92
  /home/dataiku/template-python-code-envs/py38/lib/python3.8/site-packages/fsspec/spec.py:92: DeprecationWarning: distutils Version classes are deprecated. Use packaging.version instead.
    if pa_version and LooseVersion(pa_version) < LooseVersion("2.0"):

../template-python-code-envs/py38/lib/python3.8/site-packages/great_expectations/marshmallow__shade/__init__.py:24
  /home/dataiku/template-python-code-envs/py38/lib/python3.8/site-packages/great_expectations/marshmallow__shade/__init__.py:24: DeprecationWarning: distutils Version classes are deprecated. Use packaging.version instead.
    __version_info__ = tuple(LooseVersion(__version__).version)

-- Docs: https://docs.pytest.org/en/stable/how-to/capture-warnings.html
=========================== short test summary info ============================
ERROR project-lib-versioned/python/test_project/src/tests/pipelines/data_science/test_data_science.py
!!!!!!!!!!!!!!!!!!!! Interrupted: 1 error during collection !!!!!!!!!!!!!!!!!!!!
===================== 5 tests collected, 1 error in 3.70s ======================

Traceback (most recent call last):
  File "/home/dataiku/.local/share/code-server/local-extensions/ms-python.python-2023.8.0-universal/pythonFiles/testing_tools/run_adapter.py", line 22, in <module>
    main(tool, cmd, subargs, toolargs)
  File "/home/dataiku/.local/share/code-server/local-extensions/ms-python.python-2023.8.0-universal/pythonFiles/testing_tools/adapter/__main__.py", line 99, in main
    parents, result = run(toolargs, **subargs)
  File "/home/dataiku/.local/share/code-server/local-extensions/ms-python.python-2023.8.0-universal/pythonFiles/testing_tools/adapter/pytest/_discovery.py", line 47, in discover
    raise Exception("pytest discovery failed (exit code {})".format(ec))
Exception: pytest discovery failed (exit code 2)

	at ChildProcess.<anonymous> (/home/dataiku/.local/share/code-server/local-extensions/ms-python.python-2023.8.0-universal/out/client/extension.js:2:241129)
	at Object.onceWrapper (node:events:628:26)
	at ChildProcess.emit (node:events:513:28)
	at maybeClose (node:internal/child_process:1100:16)
	at Process.ChildProcess._handle.onexit (node:internal/child_process:304:5)
2024-03-07 09:52:45.215 [info] ExtensionService#_doActivateExtension ms-vscode.js-debug, startup: false, activationEvent: 'onDebugInitialConfigurations'
2024-03-07 10:05:41.254 [info] ExtensionService#_doActivateExtension vscode.extension-editing, startup: false, activationEvent: 'onLanguage:json'
2024-03-07 10:05:41.254 [info] ExtensionService#_doActivateExtension vscode.npm, startup: false, activationEvent: 'onLanguage:json'
2024-03-07 10:05:57.716 [error] Error: ============================= test session starts ==============================
platform linux -- Python 3.8.17, pytest-7.4.4, pluggy-0.13.1
rootdir: /home/dataiku/workspace
plugins: hypothesis-6.98.17


                          _           _     _                ____    _  __
                         | |         | |   (_)              |  _ \  | |/ /
   __ _   _ __     __ _  | |  _   _  | |_   _    ___   ___  | |_) | | ' / 
  / _` | | '_ \   / _` | | | | | | | | __| | |  / __| / __| |  _ <  |  <  
 | (_| | | | | | | (_| | | | | |_| | | |_  | | | (__  \__ \ | |_) | | . \ 
  \__,_| |_| |_|  \__,_| |_|  \__, |  \__| |_|  \___| |___/ |____/  |_|\_\
                               __/ |                                      
                              |___/                                       

                            ~Versi贸n: 3.0.0 (ML)~                     

GIT commit id: NA.
collected 5 items / 1 error

<Package data_engineering>
  <Module test_data_engineering.py>
    <Function test_preparation_pipeline>
    <Function test_build_powerful_features_node>
<Package inference>
  <Module test_inference.py>
    <Function test_model_basic_validation>
    <Function test_bright_invariance_validation>
<Package integration>
  <Module test_integration.py>
    <Function test_default_pipeline>

==================================== ERRORS ====================================
_ ERROR collecting project-lib-versioned/python/test_project/src/tests/pipelines/data_science/test_data_science.py _
ImportError while importing test module '/home/dataiku/workspace/project-lib-versioned/python/test_project/src/tests/pipelines/data_science/test_data_science.py'.
Hint: make sure your test modules/packages have valid Python names.
Traceback:
/usr/lib64/python3.8/importlib/__init__.py:127: in import_module
    return _bootstrap._gcd_import(name[level:], package, level)
project-lib-versioned/python/test_project/src/tests/pipelines/data_science/test_data_science.py:9: in <module>
    import tensorflow.python.keras.models
E   ModuleNotFoundError: No module named 'tensorflow'
=============================== warnings summary ===============================
../template-python-code-envs/py38/lib/python3.8/site-packages/fsspec/spec.py:92
  /home/dataiku/template-python-code-envs/py38/lib/python3.8/site-packages/fsspec/spec.py:92: DeprecationWarning: distutils Version classes are deprecated. Use packaging.version instead.
    if pa_version and LooseVersion(pa_version) < LooseVersion("2.0"):

../template-python-code-envs/py38/lib/python3.8/site-packages/great_expectations/marshmallow__shade/__init__.py:24
  /home/dataiku/template-python-code-envs/py38/lib/python3.8/site-packages/great_expectations/marshmallow__shade/__init__.py:24: DeprecationWarning: distutils Version classes are deprecated. Use packaging.version instead.
    __version_info__ = tuple(LooseVersion(__version__).version)

-- Docs: https://docs.pytest.org/en/stable/how-to/capture-warnings.html
=========================== short test summary info ============================
ERROR project-lib-versioned/python/test_project/src/tests/pipelines/data_science/test_data_science.py
!!!!!!!!!!!!!!!!!!!! Interrupted: 1 error during collection !!!!!!!!!!!!!!!!!!!!
===================== 5 tests collected, 1 error in 3.68s ======================

Traceback (most recent call last):
  File "/home/dataiku/.local/share/code-server/local-extensions/ms-python.python-2023.8.0-universal/pythonFiles/testing_tools/run_adapter.py", line 22, in <module>
    main(tool, cmd, subargs, toolargs)
  File "/home/dataiku/.local/share/code-server/local-extensions/ms-python.python-2023.8.0-universal/pythonFiles/testing_tools/adapter/__main__.py", line 99, in main
    parents, result = run(toolargs, **subargs)
  File "/home/dataiku/.local/share/code-server/local-extensions/ms-python.python-2023.8.0-universal/pythonFiles/testing_tools/adapter/pytest/_discovery.py", line 47, in discover
    raise Exception("pytest discovery failed (exit code {})".format(ec))
Exception: pytest discovery failed (exit code 2)

	at ChildProcess.<anonymous> (/home/dataiku/.local/share/code-server/local-extensions/ms-python.python-2023.8.0-universal/out/client/extension.js:2:241129)
	at Object.onceWrapper (node:events:628:26)
	at ChildProcess.emit (node:events:513:28)
	at maybeClose (node:internal/child_process:1100:16)
	at Process.ChildProcess._handle.onexit (node:internal/child_process:304:5)
2024-03-07 10:10:34.492 [error] Error: ============================= test session starts ==============================
platform linux -- Python 3.8.17, pytest-7.4.4, pluggy-0.13.1
rootdir: /home/dataiku/workspace
plugins: hypothesis-6.98.17


                          _           _     _                ____    _  __
                         | |         | |   (_)              |  _ \  | |/ /
   __ _   _ __     __ _  | |  _   _  | |_   _    ___   ___  | |_) | | ' / 
  / _` | | '_ \   / _` | | | | | | | | __| | |  / __| / __| |  _ <  |  <  
 | (_| | | | | | | (_| | | | | |_| | | |_  | | | (__  \__ \ | |_) | | . \ 
  \__,_| |_| |_|  \__,_| |_|  \__, |  \__| |_|  \___| |___/ |____/  |_|\_\
                               __/ |                                      
                              |___/                                       

                            ~Versi贸n: 3.0.0 (ML)~                     

GIT commit id: NA.
collected 5 items / 1 error

<Package data_engineering>
  <Module test_data_engineering.py>
    <Function test_preparation_pipeline>
    <Function test_build_powerful_features_node>
<Package inference>
  <Module test_inference.py>
    <Function test_model_basic_validation>
    <Function test_bright_invariance_validation>
<Package integration>
  <Module test_integration.py>
    <Function test_default_pipeline>

==================================== ERRORS ====================================
_ ERROR collecting project-lib-versioned/python/test_project/src/tests/pipelines/data_science/test_data_science.py _
ImportError while importing test module '/home/dataiku/workspace/project-lib-versioned/python/test_project/src/tests/pipelines/data_science/test_data_science.py'.
Hint: make sure your test modules/packages have valid Python names.
Traceback:
/usr/lib64/python3.8/importlib/__init__.py:127: in import_module
    return _bootstrap._gcd_import(name[level:], package, level)
project-lib-versioned/python/test_project/src/tests/pipelines/data_science/test_data_science.py:9: in <module>
    import tensorflow.python.keras.models
E   ModuleNotFoundError: No module named 'tensorflow'
=============================== warnings summary ===============================
../template-python-code-envs/py38/lib/python3.8/site-packages/fsspec/spec.py:92
  /home/dataiku/template-python-code-envs/py38/lib/python3.8/site-packages/fsspec/spec.py:92: DeprecationWarning: distutils Version classes are deprecated. Use packaging.version instead.
    if pa_version and LooseVersion(pa_version) < LooseVersion("2.0"):

../template-python-code-envs/py38/lib/python3.8/site-packages/great_expectations/marshmallow__shade/__init__.py:24
  /home/dataiku/template-python-code-envs/py38/lib/python3.8/site-packages/great_expectations/marshmallow__shade/__init__.py:24: DeprecationWarning: distutils Version classes are deprecated. Use packaging.version instead.
    __version_info__ = tuple(LooseVersion(__version__).version)

-- Docs: https://docs.pytest.org/en/stable/how-to/capture-warnings.html
=========================== short test summary info ============================
ERROR project-lib-versioned/python/test_project/src/tests/pipelines/data_science/test_data_science.py
!!!!!!!!!!!!!!!!!!!! Interrupted: 1 error during collection !!!!!!!!!!!!!!!!!!!!
===================== 5 tests collected, 1 error in 3.73s ======================

Traceback (most recent call last):
  File "/home/dataiku/.local/share/code-server/local-extensions/ms-python.python-2023.8.0-universal/pythonFiles/testing_tools/run_adapter.py", line 22, in <module>
    main(tool, cmd, subargs, toolargs)
  File "/home/dataiku/.local/share/code-server/local-extensions/ms-python.python-2023.8.0-universal/pythonFiles/testing_tools/adapter/__main__.py", line 99, in main
    parents, result = run(toolargs, **subargs)
  File "/home/dataiku/.local/share/code-server/local-extensions/ms-python.python-2023.8.0-universal/pythonFiles/testing_tools/adapter/pytest/_discovery.py", line 47, in discover
    raise Exception("pytest discovery failed (exit code {})".format(ec))
Exception: pytest discovery failed (exit code 2)

	at ChildProcess.<anonymous> (/home/dataiku/.local/share/code-server/local-extensions/ms-python.python-2023.8.0-universal/out/client/extension.js:2:241129)
	at Object.onceWrapper (node:events:628:26)
	at ChildProcess.emit (node:events:513:28)
	at maybeClose (node:internal/child_process:1100:16)
	at Socket.<anonymous> (node:internal/child_process:458:11)
	at Socket.emit (node:events:513:28)
	at Pipe.<anonymous> (node:net:301:12)
2024-03-07 10:41:18.249 [info] ExtensionService#_doActivateExtension vscode.github-authentication, startup: false, activationEvent: 'onAuthenticationRequest:github'
2024-03-07 10:43:57.946 [warning] [Decorations] CAPPING events from decorations provider vscode.git 2637
2024-03-07 10:43:58.325 [warning] [Decorations] CAPPING events from decorations provider vscode.git 2637
2024-03-07 10:44:02.443 [warning] [Decorations] CAPPING events from decorations provider vscode.git 2637
2024-03-07 10:44:07.513 [warning] [Decorations] CAPPING events from decorations provider vscode.git 2637
2024-03-07 10:44:12.588 [warning] [Decorations] CAPPING events from decorations provider vscode.git 2637
2024-03-07 10:44:17.650 [warning] [Decorations] CAPPING events from decorations provider vscode.git 2637
2024-03-07 10:44:22.715 [warning] [Decorations] CAPPING events from decorations provider vscode.git 2637
2024-03-07 10:44:27.779 [warning] [Decorations] CAPPING events from decorations provider vscode.git 2637
2024-03-07 10:44:32.909 [warning] [Decorations] CAPPING events from decorations provider vscode.git 2637
2024-03-07 10:44:35.583 [warning] [Decorations] CAPPING events from decorations provider vscode.git 2637
2024-03-07 10:44:37.994 [warning] [Decorations] CAPPING events from decorations provider vscode.git 2637
2024-03-07 10:44:43.071 [warning] [Decorations] CAPPING events from decorations provider vscode.git 2637
2024-03-07 10:44:48.694 [warning] [Decorations] CAPPING events from decorations provider vscode.git 2637
2024-03-07 10:44:53.763 [warning] [Decorations] CAPPING events from decorations provider vscode.git 2637
2024-03-07 10:44:58.889 [warning] [Decorations] CAPPING events from decorations provider vscode.git 2637
2024-03-07 10:45:03.966 [warning] [Decorations] CAPPING events from decorations provider vscode.git 2637
2024-03-07 10:45:09.098 [warning] [Decorations] CAPPING events from decorations provider vscode.git 2637
2024-03-07 10:45:14.166 [warning] [Decorations] CAPPING events from decorations provider vscode.git 2637
2024-03-07 10:45:19.235 [warning] [Decorations] CAPPING events from decorations provider vscode.git 2637
2024-03-07 10:45:24.392 [warning] [Decorations] CAPPING events from decorations provider vscode.git 2637
2024-03-07 10:45:29.483 [warning] [Decorations] CAPPING events from decorations provider vscode.git 2637
2024-03-07 10:45:34.552 [warning] [Decorations] CAPPING events from decorations provider vscode.git 2637
2024-03-07 10:45:39.620 [warning] [Decorations] CAPPING events from decorations provider vscode.git 2637
2024-03-07 10:45:44.690 [warning] [Decorations] CAPPING events from decorations provider vscode.git 2637
2024-03-07 10:45:49.759 [warning] [Decorations] CAPPING events from decorations provider vscode.git 2637
2024-03-07 10:45:54.831 [warning] [Decorations] CAPPING events from decorations provider vscode.git 2637
2024-03-07 10:45:59.925 [warning] [Decorations] CAPPING events from decorations provider vscode.git 2637
2024-03-07 10:46:04.996 [warning] [Decorations] CAPPING events from decorations provider vscode.git 2637
2024-03-07 10:46:08.408 [warning] [Decorations] CAPPING events from decorations provider vscode.git 2637
2024-03-07 10:46:10.068 [warning] [Decorations] CAPPING events from decorations provider vscode.git 2637
2024-03-07 10:46:15.139 [warning] [Decorations] CAPPING events from decorations provider vscode.git 2637
2024-03-07 10:46:20.210 [warning] [Decorations] CAPPING events from decorations provider vscode.git 2637
2024-03-07 10:46:21.671 [warning] [Decorations] CAPPING events from decorations provider vscode.git 2637
2024-03-07 10:46:25.299 [warning] [Decorations] CAPPING events from decorations provider vscode.git 2637
2024-03-07 10:46:30.371 [warning] [Decorations] CAPPING events from decorations provider vscode.git 2637
2024-03-07 10:46:35.439 [warning] [Decorations] CAPPING events from decorations provider vscode.git 2637
2024-03-07 10:46:40.513 [warning] [Decorations] CAPPING events from decorations provider vscode.git 2637
2024-03-07 10:46:44.816 [warning] [Decorations] CAPPING events from decorations provider vscode.git 2637
2024-03-07 10:46:45.607 [warning] [Decorations] CAPPING events from decorations provider vscode.git 2637
2024-03-07 10:46:50.679 [warning] [Decorations] CAPPING events from decorations provider vscode.git 2637
2024-03-07 10:46:55.749 [warning] [Decorations] CAPPING events from decorations provider vscode.git 2637
2024-03-07 10:47:09.742 [warning] [Decorations] CAPPING events from decorations provider vscode.git 2637
2024-03-07 10:47:14.814 [warning] [Decorations] CAPPING events from decorations provider vscode.git 2637
2024-03-07 10:47:19.887 [warning] [Decorations] CAPPING events from decorations provider vscode.git 2637
2024-03-07 10:47:24.958 [warning] [Decorations] CAPPING events from decorations provider vscode.git 2637
2024-03-07 10:47:30.031 [warning] [Decorations] CAPPING events from decorations provider vscode.git 2637
2024-03-07 10:47:35.105 [warning] [Decorations] CAPPING events from decorations provider vscode.git 2637
2024-03-07 10:47:40.182 [warning] [Decorations] CAPPING events from decorations provider vscode.git 2637
2024-03-07 10:47:45.263 [warning] [Decorations] CAPPING events from decorations provider vscode.git 2637
2024-03-07 10:47:50.348 [warning] [Decorations] CAPPING events from decorations provider vscode.git 2637
2024-03-07 10:47:55.431 [warning] [Decorations] CAPPING events from decorations provider vscode.git 2637
2024-03-07 10:48:00.506 [warning] [Decorations] CAPPING events from decorations provider vscode.git 2637
2024-03-07 10:48:05.576 [warning] [Decorations] CAPPING events from decorations provider vscode.git 2637
2024-03-07 10:48:10.690 [warning] [Decorations] CAPPING events from decorations provider vscode.git 2637
2024-03-07 10:48:15.758 [warning] [Decorations] CAPPING events from decorations provider vscode.git 2637
2024-03-07 10:48:20.897 [warning] [Decorations] CAPPING events from decorations provider vscode.git 2637
2024-03-07 10:48:25.966 [warning] [Decorations] CAPPING events from decorations provider vscode.git 2637
2024-03-07 10:48:31.095 [warning] [Decorations] CAPPING events from decorations provider vscode.git 2637
2024-03-07 10:48:36.166 [warning] [Decorations] CAPPING events from decorations provider vscode.git 2637
2024-03-07 10:48:41.297 [warning] [Decorations] CAPPING events from decorations provider vscode.git 2637
2024-03-07 10:48:46.366 [warning] [Decorations] CAPPING events from decorations provider vscode.git 2637
2024-03-07 10:48:51.508 [warning] [Decorations] CAPPING events from decorations provider vscode.git 2637
2024-03-07 10:48:54.089 [warning] [Decorations] CAPPING events from decorations provider vscode.git 2637
2024-03-07 11:06:58.132 [info] ExtensionService#_doActivateExtension GitHub.vscode-pull-request-github, startup: false, activationEvent: 'onStartupFinished'
2024-03-07 11:11:22.387 [error] Error: ============================= test session starts ==============================
platform linux -- Python 3.8.17, pytest-7.4.4, pluggy-0.13.1
rootdir: /home/dataiku/workspace
plugins: hypothesis-6.98.17


                          _           _     _                ____    _  __
                         | |         | |   (_)              |  _ \  | |/ /
   __ _   _ __     __ _  | |  _   _  | |_   _    ___   ___  | |_) | | ' / 
  / _` | | '_ \   / _` | | | | | | | | __| | |  / __| / __| |  _ <  |  <  
 | (_| | | | | | | (_| | | | | |_| | | |_  | | | (__  \__ \ | |_) | | . \ 
  \__,_| |_| |_|  \__,_| |_|  \__, |  \__| |_|  \___| |___/ |____/  |_|\_\
                               __/ |                                      
                              |___/                                       

                            ~Versi贸n: 3.0.0 (ML)~                     

GIT commit id: NA.
collected 5 items / 1 error

<Package data_engineering>
  <Module test_data_engineering.py>
    <Function test_preparation_pipeline>
    <Function test_build_powerful_features_node>
<Package inference>
  <Module test_inference.py>
    <Function test_model_basic_validation>
    <Function test_bright_invariance_validation>
<Package integration>
  <Module test_integration.py>
    <Function test_default_pipeline>

==================================== ERRORS ====================================
_ ERROR collecting project-lib-versioned/python/test_project/src/tests/pipelines/data_science/test_data_science.py _
ImportError while importing test module '/home/dataiku/workspace/project-lib-versioned/python/test_project/src/tests/pipelines/data_science/test_data_science.py'.
Hint: make sure your test modules/packages have valid Python names.
Traceback:
/usr/lib64/python3.8/importlib/__init__.py:127: in import_module
    return _bootstrap._gcd_import(name[level:], package, level)
project-lib-versioned/python/test_project/src/tests/pipelines/data_science/test_data_science.py:9: in <module>
    import tensorflow.python.keras.models
E   ModuleNotFoundError: No module named 'tensorflow'
=============================== warnings summary ===============================
../template-python-code-envs/py38/lib/python3.8/site-packages/fsspec/spec.py:92
  /home/dataiku/template-python-code-envs/py38/lib/python3.8/site-packages/fsspec/spec.py:92: DeprecationWarning: distutils Version classes are deprecated. Use packaging.version instead.
    if pa_version and LooseVersion(pa_version) < LooseVersion("2.0"):

../template-python-code-envs/py38/lib/python3.8/site-packages/great_expectations/marshmallow__shade/__init__.py:24
  /home/dataiku/template-python-code-envs/py38/lib/python3.8/site-packages/great_expectations/marshmallow__shade/__init__.py:24: DeprecationWarning: distutils Version classes are deprecated. Use packaging.version instead.
    __version_info__ = tuple(LooseVersion(__version__).version)

-- Docs: https://docs.pytest.org/en/stable/how-to/capture-warnings.html
=========================== short test summary info ============================
ERROR project-lib-versioned/python/test_project/src/tests/pipelines/data_science/test_data_science.py
!!!!!!!!!!!!!!!!!!!! Interrupted: 1 error during collection !!!!!!!!!!!!!!!!!!!!
===================== 5 tests collected, 1 error in 3.67s ======================

Traceback (most recent call last):
  File "/home/dataiku/.local/share/code-server/local-extensions/ms-python.python-2023.8.0-universal/pythonFiles/testing_tools/run_adapter.py", line 22, in <module>
    main(tool, cmd, subargs, toolargs)
  File "/home/dataiku/.local/share/code-server/local-extensions/ms-python.python-2023.8.0-universal/pythonFiles/testing_tools/adapter/__main__.py", line 99, in main
    parents, result = run(toolargs, **subargs)
  File "/home/dataiku/.local/share/code-server/local-extensions/ms-python.python-2023.8.0-universal/pythonFiles/testing_tools/adapter/pytest/_discovery.py", line 47, in discover
    raise Exception("pytest discovery failed (exit code {})".format(ec))
Exception: pytest discovery failed (exit code 2)

	at ChildProcess.<anonymous> (/home/dataiku/.local/share/code-server/local-extensions/ms-python.python-2023.8.0-universal/out/client/extension.js:2:241129)
	at Object.onceWrapper (node:events:628:26)
	at ChildProcess.emit (node:events:513:28)
	at maybeClose (node:internal/child_process:1100:16)
	at Socket.<anonymous> (node:internal/child_process:458:11)
	at Socket.emit (node:events:513:28)
	at Pipe.<anonymous> (node:net:301:12)
2024-03-07 11:20:10.586 [info] ExtensionService#_doActivateExtension vscode.simple-browser, startup: false, activationEvent: 'onOpenExternalUri:https'
2024-03-07 11:20:41.110 [info] Extension host terminating: received terminate message from renderer
2024-03-07 11:20:41.111 [info] Lock '/home/dataiku/workspace/user-versioned/settings/code-server/User/workspaceStorage/-760492f4/vscode.lock': Marking the lockfile as scheduled to be released in 6000 ms.
2024-03-07 11:20:41.153 [error] Canceled: Canceled
	at new l (/opt/dataiku/code-server/lib/vscode/out/vs/workbench/api/node/extensionHostProcess.js:98:104563)
	at a.O (/opt/dataiku/code-server/lib/vscode/out/vs/workbench/api/node/extensionHostProcess.js:110:11657)
	at Proxy.H.<computed>.V.charCodeAt.H.<computed> (/opt/dataiku/code-server/lib/vscode/out/vs/workbench/api/node/extensionHostProcess.js:110:8947)
	at e.ExtHostCommands.g (/opt/dataiku/code-server/lib/vscode/out/vs/workbench/api/node/extensionHostProcess.js:98:124729)
	at e.ExtHostCommands.executeCommand (/opt/dataiku/code-server/lib/vscode/out/vs/workbench/api/node/extensionHostProcess.js:98:124105)
	at C.registerCommand.description (/opt/dataiku/code-server/lib/vscode/out/vs/workbench/api/node/extensionHostProcess.js:98:123398)
	at e.ExtHostCommands.h (/opt/dataiku/code-server/lib/vscode/out/vs/workbench/api/node/extensionHostProcess.js:98:125315)
	at e.ExtHostCommands.g (/opt/dataiku/code-server/lib/vscode/out/vs/workbench/api/node/extensionHostProcess.js:98:124205)
	at e.ExtHostCommands.executeCommand (/opt/dataiku/code-server/lib/vscode/out/vs/workbench/api/node/extensionHostProcess.js:98:124105)
	at Object.executeCommand (/opt/dataiku/code-server/lib/vscode/out/vs/workbench/api/node/extensionHostProcess.js:116:24043)
	at D (/opt/dataiku/code-server/lib/vscode/extensions/git/dist/main.js:2:1259661)
	at v.invoke (/opt/dataiku/code-server/lib/vscode/out/vs/workbench/api/node/extensionHostProcess.js:60:145)
	at h.deliver (/opt/dataiku/code-server/lib/vscode/out/vs/workbench/api/node/extensionHostProcess.js:60:2121)
	at i.fire (/opt/dataiku/code-server/lib/vscode/out/vs/workbench/api/node/extensionHostProcess.js:60:1729)
	at Object.m [as dispose] (/opt/dataiku/code-server/lib/vscode/extensions/git/dist/main.js:2:1274494)
	at /opt/dataiku/code-server/lib/vscode/extensions/git/dist/main.js:2:1278940
	at Array.forEach (<anonymous>)
	at g.dispose (/opt/dataiku/code-server/lib/vscode/extensions/git/dist/main.js:2:1278926)
	at t.<anonymous> (/opt/dataiku/code-server/lib/vscode/out/vs/workbench/api/node/extensionHostProcess.js:96:12369)
	at t.dispose (/opt/dataiku/code-server/lib/vscode/out/vs/workbench/api/node/extensionHostProcess.js:96:12504)
	at t.<anonymous> (/opt/dataiku/code-server/lib/vscode/extensions/git/dist/main.js:2:1261791)
	at t.dispose (/opt/dataiku/code-server/lib/vscode/out/vs/workbench/api/node/extensionHostProcess.js:96:12504)
	at T (/opt/dataiku/code-server/lib/vscode/out/vs/workbench/api/node/extensionHostProcess.js:10:12080)
	at h.Y (/opt/dataiku/code-server/lib/vscode/out/vs/workbench/api/node/extensionHostProcess.js:112:11173)
	at /opt/dataiku/code-server/lib/vscode/out/vs/workbench/api/node/extensionHostProcess.js:112:9157
	at Array.map (<anonymous>)
	at h.R (/opt/dataiku/code-server/lib/vscode/out/vs/workbench/api/node/extensionHostProcess.js:112:9144)
	at h.terminate (/opt/dataiku/code-server/lib/vscode/out/vs/workbench/api/node/extensionHostProcess.js:112:9415)
	at d.terminate (/opt/dataiku/code-server/lib/vscode/out/vs/workbench/api/node/extensionHostProcess.js:116:1544)
	at g (/opt/dataiku/code-server/lib/vscode/out/vs/workbench/api/node/extensionHostProcess.js:126:34552)
	at /opt/dataiku/code-server/lib/vscode/out/vs/workbench/api/node/extensionHostProcess.js:126:32462
	at v.invoke (/opt/dataiku/code-server/lib/vscode/out/vs/workbench/api/node/extensionHostProcess.js:60:145)
	at h.deliver (/opt/dataiku/code-server/lib/vscode/out/vs/workbench/api/node/extensionHostProcess.js:60:2121)
	at i.fire (/opt/dataiku/code-server/lib/vscode/out/vs/workbench/api/node/extensionHostProcess.js:60:1729)
	at g.fire (/opt/dataiku/code-server/lib/vscode/out/vs/workbench/api/node/extensionHostProcess.js:71:14852)
	at u.E (/opt/dataiku/code-server/lib/vscode/out/vs/workbench/api/node/extensionHostProcess.js:71:18899)
	at /opt/dataiku/code-server/lib/vscode/out/vs/workbench/api/node/extensionHostProcess.js:71:18078
	at v.invoke (/opt/dataiku/code-server/lib/vscode/out/vs/workbench/api/node/extensionHostProcess.js:60:145)
	at h.deliver (/opt/dataiku/code-server/lib/vscode/out/vs/workbench/api/node/extensionHostProcess.js:60:2121)
	at i.fire (/opt/dataiku/code-server/lib/vscode/out/vs/workbench/api/node/extensionHostProcess.js:60:1729)
	at d.acceptChunk (/opt/dataiku/code-server/lib/vscode/out/vs/workbench/api/node/extensionHostProcess.js:71:12583)
	at /opt/dataiku/code-server/lib/vscode/out/vs/workbench/api/node/extensionHostProcess.js:71:11870
	at v.invoke (/opt/dataiku/code-server/lib/vscode/out/vs/workbench/api/node/extensionHostProcess.js:60:145)
	at h.deliver (/opt/dataiku/code-server/lib/vscode/out/vs/workbench/api/node/extensionHostProcess.js:60:2121)
	at i.fire (/opt/dataiku/code-server/lib/vscode/out/vs/workbench/api/node/extensionHostProcess.js:60:1729)
	at D.u (/opt/dataiku/code-server/lib/vscode/out/vs/workbench/api/node/extensionHostProcess.js:126:20019) setContext undefined
2024-03-07 11:20:41.153 [error] Canceled: Canceled
	at new l (/opt/dataiku/code-server/lib/vscode/out/vs/workbench/api/node/extensionHostProcess.js:98:104563)
	at a.O (/opt/dataiku/code-server/lib/vscode/out/vs/workbench/api/node/extensionHostProcess.js:110:11657)
	at Proxy.H.<computed>.V.charCodeAt.H.<computed> (/opt/dataiku/code-server/lib/vscode/out/vs/workbench/api/node/extensionHostProcess.js:110:8947)
	at e.ExtHostCommands.g (/opt/dataiku/code-server/lib/vscode/out/vs/workbench/api/node/extensionHostProcess.js:98:124729)
	at e.ExtHostCommands.executeCommand (/opt/dataiku/code-server/lib/vscode/out/vs/workbench/api/node/extensionHostProcess.js:98:124105)
	at C.registerCommand.description (/opt/dataiku/code-server/lib/vscode/out/vs/workbench/api/node/extensionHostProcess.js:98:123398)
	at e.ExtHostCommands.h (/opt/dataiku/code-server/lib/vscode/out/vs/workbench/api/node/extensionHostProcess.js:98:125315)
	at e.ExtHostCommands.g (/opt/dataiku/code-server/lib/vscode/out/vs/workbench/api/node/extensionHostProcess.js:98:124205)
	at e.ExtHostCommands.executeCommand (/opt/dataiku/code-server/lib/vscode/out/vs/workbench/api/node/extensionHostProcess.js:98:124105)
	at Object.executeCommand (/opt/dataiku/code-server/lib/vscode/out/vs/workbench/api/node/extensionHostProcess.js:116:24043)
	at e (/home/dataiku/workspace/code_studio-resources/vscode-extensions/github.vscode-pull-request-github-0.64.0-universal/dist/extension.js:1680:1339)
	at Object.n [as setContext] (/home/dataiku/workspace/code_studio-resources/vscode-extensions/github.vscode-pull-request-github-0.64.0-universal/dist/extension.js:1680:1454)
	at Kc.updateActiveReviewCount (/home/dataiku/workspace/code_studio-resources/vscode-extensions/github.vscode-pull-request-github-0.64.0-universal/dist/extension.js:1793:22178)
	at Kc.removeRepo (/home/dataiku/workspace/code_studio-resources/vscode-extensions/github.vscode-pull-request-github-0.64.0-universal/dist/extension.js:1793:23255)
	at /home/dataiku/workspace/code_studio-resources/vscode-extensions/github.vscode-pull-request-github-0.64.0-universal/dist/extension.js:1839:4079
	at v.invoke (/opt/dataiku/code-server/lib/vscode/out/vs/workbench/api/node/extensionHostProcess.js:60:145)
	at h.deliver (/opt/dataiku/code-server/lib/vscode/out/vs/workbench/api/node/extensionHostProcess.js:60:2121)
	at i.fire (/opt/dataiku/code-server/lib/vscode/out/vs/workbench/api/node/extensionHostProcess.js:60:1729)
	at /home/dataiku/workspace/code_studio-resources/vscode-extensions/github.vscode-pull-request-github-0.64.0-universal/dist/extension.js:1649:461548
	at v.invoke (/opt/dataiku/code-server/lib/vscode/out/vs/workbench/api/node/extensionHostProcess.js:60:145)
	at h.deliver (/opt/dataiku/code-server/lib/vscode/out/vs/workbench/api/node/extensionHostProcess.js:60:2121)
	at i.fire (/opt/dataiku/code-server/lib/vscode/out/vs/workbench/api/node/extensionHostProcess.js:60:1729)
	at /home/dataiku/workspace/code_studio-resources/vscode-extensions/github.vscode-pull-request-github-0.64.0-universal/dist/extension.js:1793:26725
	at /opt/dataiku/code-server/lib/vscode/extensions/git/dist/main.js:2:1346724
	at v.invoke (/opt/dataiku/code-server/lib/vscode/out/vs/workbench/api/node/extensionHostProcess.js:60:145)
	at h.deliver (/opt/dataiku/code-server/lib/vscode/out/vs/workbench/api/node/extensionHostProcess.js:60:2121)
	at i.fire (/opt/dataiku/code-server/lib/vscode/out/vs/workbench/api/node/extensionHostProcess.js:60:1729)
	at Object.m [as dispose] (/opt/dataiku/code-server/lib/vscode/extensions/git/dist/main.js:2:1274494)
	at /opt/dataiku/code-server/lib/vscode/extensions/git/dist/main.js:2:1278940
	at Array.forEach (<anonymous>)
	at g.dispose (/opt/dataiku/code-server/lib/vscode/extensions/git/dist/main.js:2:1278926)
	at t.<anonymous> (/opt/dataiku/code-server/lib/vscode/out/vs/workbench/api/node/extensionHostProcess.js:96:12369)
	at t.dispose (/opt/dataiku/code-server/lib/vscode/out/vs/workbench/api/node/extensionHostProcess.js:96:12504)
	at t.<anonymous> (/opt/dataiku/code-server/lib/vscode/extensions/git/dist/main.js:2:1261791)
	at t.dispose (/opt/dataiku/code-server/lib/vscode/out/vs/workbench/api/node/extensionHostProcess.js:96:12504)
	at T (/opt/dataiku/code-server/lib/vscode/out/vs/workbench/api/node/extensionHostProcess.js:10:12080)
	at h.Y (/opt/dataiku/code-server/lib/vscode/out/vs/workbench/api/node/extensionHostProcess.js:112:11173)
	at /opt/dataiku/code-server/lib/vscode/out/vs/workbench/api/node/extensionHostProcess.js:112:9157
	at Array.map (<anonymous>)
	at h.R (/opt/dataiku/code-server/lib/vscode/out/vs/workbench/api/node/extensionHostProcess.js:112:9144)
	at h.terminate (/opt/dataiku/code-server/lib/vscode/out/vs/workbench/api/node/extensionHostProcess.js:112:9415)
	at d.terminate (/opt/dataiku/code-server/lib/vscode/out/vs/workbench/api/node/extensionHostProcess.js:116:1544)
	at g (/opt/dataiku/code-server/lib/vscode/out/vs/workbench/api/node/extensionHostProcess.js:126:34552)
	at /opt/dataiku/code-server/lib/vscode/out/vs/workbench/api/node/extensionHostProcess.js:126:32462
	at v.invoke (/opt/dataiku/code-server/lib/vscode/out/vs/workbench/api/node/extensionHostProcess.js:60:145)
	at h.deliver (/opt/dataiku/code-server/lib/vscode/out/vs/workbench/api/node/extensionHostProcess.js:60:2121)
	at i.fire (/opt/dataiku/code-server/lib/vscode/out/vs/workbench/api/node/extensionHostProcess.js:60:1729)
	at g.fire (/opt/dataiku/code-server/lib/vscode/out/vs/workbench/api/node/extensionHostProcess.js:71:14852)
	at u.E (/opt/dataiku/code-server/lib/vscode/out/vs/workbench/api/node/extensionHostProcess.js:71:18899)
	at /opt/dataiku/code-server/lib/vscode/out/vs/workbench/api/node/extensionHostProcess.js:71:18078
	at v.invoke (/opt/dataiku/code-server/lib/vscode/out/vs/workbench/api/node/extensionHostProcess.js:60:145)
	at h.deliver (/opt/dataiku/code-server/lib/vscode/out/vs/workbench/api/node/extensionHostProcess.js:60:2121)
	at i.fire (/opt/dataiku/code-server/lib/vscode/out/vs/workbench/api/node/extensionHostProcess.js:60:1729)
	at d.acceptChunk (/opt/dataiku/code-server/lib/vscode/out/vs/workbench/api/node/extensionHostProcess.js:71:12583)
	at /opt/dataiku/code-server/lib/vscode/out/vs/workbench/api/node/extensionHostProcess.js:71:11870
	at v.invoke (/opt/dataiku/code-server/lib/vscode/out/vs/workbench/api/node/extensionHostProcess.js:60:145)
	at h.deliver (/opt/dataiku/code-server/lib/vscode/out/vs/workbench/api/node/extensionHostProcess.js:60:2121)
	at i.fire (/opt/dataiku/code-server/lib/vscode/out/vs/workbench/api/node/extensionHostProcess.js:60:1729)
	at D.u (/opt/dataiku/code-server/lib/vscode/out/vs/workbench/api/node/extensionHostProcess.js:126:20019) setContext undefined
2024-03-07 11:20:41.153 [error] Canceled: Canceled
	at new l (/opt/dataiku/code-server/lib/vscode/out/vs/workbench/api/node/extensionHostProcess.js:98:104563)
	at a.O (/opt/dataiku/code-server/lib/vscode/out/vs/workbench/api/node/extensionHostProcess.js:110:11657)
	at Proxy.H.<computed>.V.charCodeAt.H.<computed> (/opt/dataiku/code-server/lib/vscode/out/vs/workbench/api/node/extensionHostProcess.js:110:8947)
	at e.ExtHostCommands.g (/opt/dataiku/code-server/lib/vscode/out/vs/workbench/api/node/extensionHostProcess.js:98:124729)
	at e.ExtHostCommands.executeCommand (/opt/dataiku/code-server/lib/vscode/out/vs/workbench/api/node/extensionHostProcess.js:98:124105)
	at C.registerCommand.description (/opt/dataiku/code-server/lib/vscode/out/vs/workbench/api/node/extensionHostProcess.js:98:123398)
	at e.ExtHostCommands.h (/opt/dataiku/code-server/lib/vscode/out/vs/workbench/api/node/extensionHostProcess.js:98:125315)
	at e.ExtHostCommands.g (/opt/dataiku/code-server/lib/vscode/out/vs/workbench/api/node/extensionHostProcess.js:98:124205)
	at e.ExtHostCommands.executeCommand (/opt/dataiku/code-server/lib/vscode/out/vs/workbench/api/node/extensionHostProcess.js:98:124105)
	at Object.executeCommand (/opt/dataiku/code-server/lib/vscode/out/vs/workbench/api/node/extensionHostProcess.js:116:24043)
	at Sg.reset (/home/dataiku/workspace/code_studio-resources/vscode-extensions/github.vscode-pull-request-github-0.64.0-universal/dist/extension.js:1826:2501)
	at Sg.dispose (/home/dataiku/workspace/code_studio-resources/vscode-extensions/github.vscode-pull-request-github-0.64.0-universal/dist/extension.js:1826:2740)
	at T (/opt/dataiku/code-server/lib/vscode/out/vs/workbench/api/node/extensionHostProcess.js:10:12080)
	at h.Y (/opt/dataiku/code-server/lib/vscode/out/vs/workbench/api/node/extensionHostProcess.js:112:11173)
	at /opt/dataiku/code-server/lib/vscode/out/vs/workbench/api/node/extensionHostProcess.js:112:9157
	at Array.map (<anonymous>)
	at h.R (/opt/dataiku/code-server/lib/vscode/out/vs/workbench/api/node/extensionHostProcess.js:112:9144)
	at h.terminate (/opt/dataiku/code-server/lib/vscode/out/vs/workbench/api/node/extensionHostProcess.js:112:9415)
	at d.terminate (/opt/dataiku/code-server/lib/vscode/out/vs/workbench/api/node/extensionHostProcess.js:116:1544)
	at g (/opt/dataiku/code-server/lib/vscode/out/vs/workbench/api/node/extensionHostProcess.js:126:34552)
	at /opt/dataiku/code-server/lib/vscode/out/vs/workbench/api/node/extensionHostProcess.js:126:32462
	at v.invoke (/opt/dataiku/code-server/lib/vscode/out/vs/workbench/api/node/extensionHostProcess.js:60:145)
	at h.deliver (/opt/dataiku/code-server/lib/vscode/out/vs/workbench/api/node/extensionHostProcess.js:60:2121)
	at i.fire (/opt/dataiku/code-server/lib/vscode/out/vs/workbench/api/node/extensionHostProcess.js:60:1729)
	at g.fire (/opt/dataiku/code-server/lib/vscode/out/vs/workbench/api/node/extensionHostProcess.js:71:14852)
	at u.E (/opt/dataiku/code-server/lib/vscode/out/vs/workbench/api/node/extensionHostProcess.js:71:18899)
	at /opt/dataiku/code-server/lib/vscode/out/vs/workbench/api/node/extensionHostProcess.js:71:18078
	at v.invoke (/opt/dataiku/code-server/lib/vscode/out/vs/workbench/api/node/extensionHostProcess.js:60:145)
	at h.deliver (/opt/dataiku/code-server/lib/vscode/out/vs/workbench/api/node/extensionHostProcess.js:60:2121)
	at i.fire (/opt/dataiku/code-server/lib/vscode/out/vs/workbench/api/node/extensionHostProcess.js:60:1729)
	at d.acceptChunk (/opt/dataiku/code-server/lib/vscode/out/vs/workbench/api/node/extensionHostProcess.js:71:12583)
	at /opt/dataiku/code-server/lib/vscode/out/vs/workbench/api/node/extensionHostProcess.js:71:11870
	at v.invoke (/opt/dataiku/code-server/lib/vscode/out/vs/workbench/api/node/extensionHostProcess.js:60:145)
	at h.deliver (/opt/dataiku/code-server/lib/vscode/out/vs/workbench/api/node/extensionHostProcess.js:60:2121)
	at i.fire (/opt/dataiku/code-server/lib/vscode/out/vs/workbench/api/node/extensionHostProcess.js:60:1729)
	at D.u (/opt/dataiku/code-server/lib/vscode/out/vs/workbench/api/node/extensionHostProcess.js:126:20019) setContext undefined
2024-03-07 11:20:41.159 [info] Extension host with pid 2299 exiting with code 0
